<?xml version="1.0" encoding="UTF-8"?>
<!-- Generated by org.testng.reporters.JUnitReportReporter -->
<testsuite hostname="elzevir-N56VB" failures="0" tests="1" name="com.yahoo.YahooClimaTest" time="23.122" errors="0" timestamp="2022-10-16T19:53:21 ART" skipped="0">
  <testcase classname="com.yahoo.YahooClimaTest" name="f" time="23.122"/>
  <system-out/>
</testsuite> <!-- com.yahoo.YahooClimaTest -->
